2025-04-19 18:31:55,496 - __main__ - INFO - Found update script: /home/yann/dev/repos/ha-coap-server/scripts/mcumgr-update-all.sh
2025-04-19 18:31:55,497 - __main__ - INFO - Starting Firmware Update Web Interface
2025-04-19 18:31:55,497 - werkzeug - INFO -  * Restarting with stat
2025-04-19 18:31:55,740 - __main__ - INFO - Found update script: /home/yann/dev/repos/ha-coap-server/scripts/mcumgr-update-all.sh
2025-04-19 18:31:55,740 - __main__ - INFO - Starting Firmware Update Web Interface
2025-04-19 18:31:55,741 - werkzeug - WARNING -  * Debugger is active!
2025-04-19 18:31:55,825 - werkzeug - INFO -  * Debugger PIN: 108-310-488
2025-04-19 18:32:16,581 - __main__ - INFO - Client connected
2025-04-19 18:32:31,016 - __main__ - INFO - Client disconnected
2025-04-19 18:35:14,121 - __main__ - INFO - Client connected
2025-04-19 18:35:25,634 - __main__ - INFO - Client disconnected
2025-04-19 18:35:25,776 - __main__ - INFO - Client connected
2025-04-19 18:35:27,233 - update_manager - INFO - Discovering devices...
2025-04-19 18:35:30,235 - update_manager - INFO - Discovered 7 devices
2025-04-19 18:35:35,239 - __main__ - INFO - Client disconnected
2025-04-19 18:35:35,420 - __main__ - INFO - Client connected
2025-04-19 19:11:19,995 - __main__ - INFO - Found update script: /home/yann/dev/repos/ha-coap-server/scripts/mcumgr-update-all.sh
2025-04-19 19:11:19,995 - __main__ - INFO - Starting Firmware Update Web Interface
2025-04-19 19:11:19,996 - werkzeug - INFO -  * Restarting with stat
2025-04-19 19:11:20,239 - __main__ - INFO - Found update script: /home/yann/dev/repos/ha-coap-server/scripts/mcumgr-update-all.sh
2025-04-19 19:11:20,239 - __main__ - INFO - Starting Firmware Update Web Interface
2025-04-19 19:11:20,240 - werkzeug - WARNING -  * Debugger is active!
2025-04-19 19:11:20,240 - werkzeug - INFO -  * Debugger PIN: 108-310-488
2025-04-19 19:11:20,593 - __main__ - INFO - Client connected
2025-04-19 19:11:21,588 - __main__ - INFO - Client connected
2025-04-19 19:11:24,755 - __main__ - INFO - Client connected
2025-04-19 19:11:26,628 - __main__ - INFO - Client disconnected
2025-04-19 19:11:26,718 - __main__ - INFO - Client connected
2025-04-19 19:11:27,955 - __main__ - INFO - Client disconnected
2025-04-19 19:11:28,002 - __main__ - INFO - Client connected
2025-04-19 19:11:28,714 - __main__ - INFO - Client disconnected
2025-04-19 19:11:28,773 - __main__ - INFO - Client connected
2025-04-19 19:11:30,292 - __main__ - INFO - Client disconnected
2025-04-19 19:11:30,345 - __main__ - INFO - Client connected
2025-04-19 19:11:33,437 - __main__ - INFO - Client disconnected
2025-04-19 19:11:33,497 - __main__ - INFO - Client connected
2025-04-19 19:12:51,724 - __main__ - INFO - Client disconnected
2025-04-19 19:12:51,734 - __main__ - INFO - Client disconnected
2025-04-19 19:12:51,747 - __main__ - INFO - Client disconnected
2025-04-19 19:12:55,101 - __main__ - INFO - Client connected
2025-04-19 19:12:55,353 - __main__ - INFO - Client connected
2025-04-19 19:12:56,816 - __main__ - INFO - Client disconnected
2025-04-19 19:13:01,690 - __main__ - INFO - Client disconnected
2025-04-19 19:13:01,737 - __main__ - INFO - Client connected
2025-04-19 19:13:03,511 - __main__ - INFO - Client disconnected
2025-04-19 19:13:03,545 - __main__ - INFO - Client connected
2025-04-19 19:13:05,310 - __main__ - INFO - Client disconnected
2025-04-19 19:13:05,364 - __main__ - INFO - Client connected
2025-04-19 19:17:51,434 - __main__ - INFO - Found update script: /home/yann/dev/repos/ha-coap-server/scripts/mcumgr-update-all.sh
2025-04-19 19:17:51,434 - __main__ - INFO - Starting Firmware Update Web Interface
2025-04-19 19:17:51,434 - werkzeug - INFO -  * Restarting with stat
2025-04-19 19:17:51,683 - __main__ - INFO - Found update script: /home/yann/dev/repos/ha-coap-server/scripts/mcumgr-update-all.sh
2025-04-19 19:17:51,683 - __main__ - INFO - Starting Firmware Update Web Interface
2025-04-19 19:17:51,683 - werkzeug - WARNING -  * Debugger is active!
2025-04-19 19:17:51,684 - werkzeug - INFO -  * Debugger PIN: 108-310-488
2025-04-19 19:17:53,589 - __main__ - INFO - Client connected
2025-04-19 19:17:55,433 - __main__ - INFO - Client disconnected
2025-04-19 19:17:55,698 - __main__ - INFO - Client connected
2025-04-19 19:17:56,955 - __main__ - INFO - Client disconnected
2025-04-19 19:17:57,172 - __main__ - INFO - Client connected
2025-04-19 19:18:00,224 - __main__ - INFO - Client disconnected
2025-04-19 19:18:00,456 - __main__ - INFO - Client connected
2025-04-19 19:19:32,030 - __main__ - INFO - Client disconnected
2025-04-19 19:19:32,268 - __main__ - INFO - Client connected
2025-04-19 19:19:35,363 - update_manager - INFO - Discovering devices...
2025-04-19 19:19:38,367 - update_manager - INFO - Discovered 7 devices
2025-04-19 19:19:42,119 - __main__ - INFO - Client disconnected
2025-04-19 19:19:42,355 - __main__ - INFO - Client connected
2025-04-19 19:19:45,879 - __main__ - INFO - Client disconnected
2025-04-19 19:19:46,138 - __main__ - INFO - Client connected
2025-04-19 19:19:48,074 - update_manager - INFO - Discovering devices...
2025-04-19 19:19:51,077 - update_manager - INFO - Discovered 7 devices
2025-04-19 19:19:55,057 - __main__ - INFO - Client disconnected
2025-04-19 19:19:55,269 - __main__ - INFO - Client connected
2025-04-19 19:20:00,079 - __main__ - INFO - Client disconnected
